2015/07/02 21:10:17 [error] [exception.CHttpException.404] exception 'CHttpException' with message 'The system is unable to find the requested action "post".' in E:\server\OpenServer\domains\blog.ua\yii-1.1.16.bca042\framework\web\CController.php:483
Stack trace:
#0 E:\server\OpenServer\domains\blog.ua\yii-1.1.16.bca042\framework\web\CController.php(270): CController->missingAction('post')
#1 E:\server\OpenServer\domains\blog.ua\yii-1.1.16.bca042\framework\web\CWebApplication.php(282): CController->run('post')
#2 E:\server\OpenServer\domains\blog.ua\yii-1.1.16.bca042\framework\web\CWebApplication.php(141): CWebApplication->runController('site/post')
#3 E:\server\OpenServer\domains\blog.ua\yii-1.1.16.bca042\framework\base\CApplication.php(184): CWebApplication->processRequest()
#4 E:\server\OpenServer\domains\blog.ua\index.php(13): CApplication->run()
#5 {main}
REQUEST_URI=/index.php?r=site/post
---
2015/07/02 22:25:21 [error] [exception.CHttpException.403] exception 'CHttpException' with message 'You are not authorized to perform this action.' in E:\server\OpenServer\domains\blog.ua\yii-1.1.16.bca042\framework\web\auth\CAccessControlFilter.php:182
Stack trace:
#0 E:\server\OpenServer\domains\blog.ua\yii-1.1.16.bca042\framework\web\auth\CAccessControlFilter.php(145): CAccessControlFilter->accessDenied(Object(CWebUser), 'You are not aut...')
#1 E:\server\OpenServer\domains\blog.ua\yii-1.1.16.bca042\framework\web\filters\CFilter.php(38): CAccessControlFilter->preFilter(Object(CFilterChain))
#2 E:\server\OpenServer\domains\blog.ua\yii-1.1.16.bca042\framework\web\CController.php(1145): CFilter->filter(Object(CFilterChain))
#3 E:\server\OpenServer\domains\blog.ua\yii-1.1.16.bca042\framework\web\filters\CInlineFilter.php(58): CController->filterAccessControl(Object(CFilterChain))
#4 E:\server\OpenServer\domains\blog.ua\yii-1.1.16.bca042\framework\web\filters\CFilterChain.php(130): CInlineFilter->filter(Object(CFilterChain))
#5 E:\server\OpenServer\domains\blog.ua\yii-1.1.16.bca042\framework\web\CController.php(291): CFilterChain->run()
#6 E:\server\OpenServer\domains\blog.ua\yii-1.1.16.bca042\framework\web\CController.php(265): CController->runActionWithFilters(Object(CInlineAction), Array)
#7 E:\server\OpenServer\domains\blog.ua\yii-1.1.16.bca042\framework\web\CWebApplication.php(282): CController->run('admin')
#8 E:\server\OpenServer\domains\blog.ua\yii-1.1.16.bca042\framework\web\CWebApplication.php(141): CWebApplication->runController('post/admin')
#9 E:\server\OpenServer\domains\blog.ua\yii-1.1.16.bca042\framework\base\CApplication.php(184): CWebApplication->processRequest()
#10 E:\server\OpenServer\domains\blog.ua\index.php(13): CApplication->run()
#11 {main}
REQUEST_URI=/index.php?r=post/admin
HTTP_REFERER=http://blog.ua:81/index.php?r=post/create
---
2015/07/02 22:25:49 [error] [exception.CHttpException.403] exception 'CHttpException' with message 'You are not authorized to perform this action.' in E:\server\OpenServer\domains\blog.ua\yii-1.1.16.bca042\framework\web\auth\CAccessControlFilter.php:182
Stack trace:
#0 E:\server\OpenServer\domains\blog.ua\yii-1.1.16.bca042\framework\web\auth\CAccessControlFilter.php(145): CAccessControlFilter->accessDenied(Object(CWebUser), 'You are not aut...')
#1 E:\server\OpenServer\domains\blog.ua\yii-1.1.16.bca042\framework\web\filters\CFilter.php(38): CAccessControlFilter->preFilter(Object(CFilterChain))
#2 E:\server\OpenServer\domains\blog.ua\yii-1.1.16.bca042\framework\web\CController.php(1145): CFilter->filter(Object(CFilterChain))
#3 E:\server\OpenServer\domains\blog.ua\yii-1.1.16.bca042\framework\web\filters\CInlineFilter.php(58): CController->filterAccessControl(Object(CFilterChain))
#4 E:\server\OpenServer\domains\blog.ua\yii-1.1.16.bca042\framework\web\filters\CFilterChain.php(130): CInlineFilter->filter(Object(CFilterChain))
#5 E:\server\OpenServer\domains\blog.ua\yii-1.1.16.bca042\framework\web\CController.php(291): CFilterChain->run()
#6 E:\server\OpenServer\domains\blog.ua\yii-1.1.16.bca042\framework\web\CController.php(265): CController->runActionWithFilters(Object(CInlineAction), Array)
#7 E:\server\OpenServer\domains\blog.ua\yii-1.1.16.bca042\framework\web\CWebApplication.php(282): CController->run('admin')
#8 E:\server\OpenServer\domains\blog.ua\yii-1.1.16.bca042\framework\web\CWebApplication.php(141): CWebApplication->runController('post/admin')
#9 E:\server\OpenServer\domains\blog.ua\yii-1.1.16.bca042\framework\base\CApplication.php(184): CWebApplication->processRequest()
#10 E:\server\OpenServer\domains\blog.ua\index.php(13): CApplication->run()
#11 {main}
REQUEST_URI=/index.php?r=post/admin
HTTP_REFERER=http://blog.ua:81/index.php?r=post/update&id=1
---
2015/07/02 22:34:28 [error] [exception.CHttpException.403] exception 'CHttpException' with message 'You are not authorized to perform this action.' in E:\server\OpenServer\domains\blog.ua\yii-1.1.16.bca042\framework\web\auth\CAccessControlFilter.php:182
Stack trace:
#0 E:\server\OpenServer\domains\blog.ua\yii-1.1.16.bca042\framework\web\auth\CAccessControlFilter.php(145): CAccessControlFilter->accessDenied(Object(CWebUser), 'You are not aut...')
#1 E:\server\OpenServer\domains\blog.ua\yii-1.1.16.bca042\framework\web\filters\CFilter.php(38): CAccessControlFilter->preFilter(Object(CFilterChain))
#2 E:\server\OpenServer\domains\blog.ua\yii-1.1.16.bca042\framework\web\CController.php(1145): CFilter->filter(Object(CFilterChain))
#3 E:\server\OpenServer\domains\blog.ua\yii-1.1.16.bca042\framework\web\filters\CInlineFilter.php(58): CController->filterAccessControl(Object(CFilterChain))
#4 E:\server\OpenServer\domains\blog.ua\yii-1.1.16.bca042\framework\web\filters\CFilterChain.php(130): CInlineFilter->filter(Object(CFilterChain))
#5 E:\server\OpenServer\domains\blog.ua\yii-1.1.16.bca042\framework\web\CController.php(291): CFilterChain->run()
#6 E:\server\OpenServer\domains\blog.ua\yii-1.1.16.bca042\framework\web\CController.php(265): CController->runActionWithFilters(Object(CInlineAction), Array)
#7 E:\server\OpenServer\domains\blog.ua\yii-1.1.16.bca042\framework\web\CWebApplication.php(282): CController->run('admin')
#8 E:\server\OpenServer\domains\blog.ua\yii-1.1.16.bca042\framework\web\CWebApplication.php(141): CWebApplication->runController('post/admin')
#9 E:\server\OpenServer\domains\blog.ua\yii-1.1.16.bca042\framework\base\CApplication.php(184): CWebApplication->processRequest()
#10 E:\server\OpenServer\domains\blog.ua\index.php(13): CApplication->run()
#11 {main}
REQUEST_URI=/index.php?r=post/admin
HTTP_REFERER=http://blog.ua:81/index.php?r=post/view&id=1
---
2015/07/02 23:01:46 [error] [exception.CHttpException.404] exception 'CHttpException' with message 'The requested page does not exist.' in E:\server\OpenServer\domains\blog.ua\protected\controllers\PostController.php:162
Stack trace:
#0 E:\server\OpenServer\domains\blog.ua\protected\controllers\PostController.php(55): PostController->loadModel('1')
#1 [internal function]: PostController->actionView('1')
#2 E:\server\OpenServer\domains\blog.ua\yii-1.1.16.bca042\framework\web\actions\CAction.php(109): ReflectionMethod->invokeArgs(Object(PostController), Array)
#3 E:\server\OpenServer\domains\blog.ua\yii-1.1.16.bca042\framework\web\actions\CInlineAction.php(47): CAction->runWithParamsInternal(Object(PostController), Object(ReflectionMethod), Array)
#4 E:\server\OpenServer\domains\blog.ua\yii-1.1.16.bca042\framework\web\CController.php(308): CInlineAction->runWithParams(Array)
#5 E:\server\OpenServer\domains\blog.ua\yii-1.1.16.bca042\framework\web\filters\CFilterChain.php(133): CController->runAction(Object(CInlineAction))
#6 E:\server\OpenServer\domains\blog.ua\yii-1.1.16.bca042\framework\web\filters\CFilter.php(40): CFilterChain->run()
#7 E:\server\OpenServer\domains\blog.ua\yii-1.1.16.bca042\framework\web\CController.php(1145): CFilter->filter(Object(CFilterChain))
#8 E:\server\OpenServer\domains\blog.ua\yii-1.1.16.bca042\framework\web\filters\CInlineFilter.php(58): CController->filterAccessControl(Object(CFilterChain))
#9 E:\server\OpenServer\domains\blog.ua\yii-1.1.16.bca042\framework\web\filters\CFilterChain.php(130): CInlineFilter->filter(Object(CFilterChain))
#10 E:\server\OpenServer\domains\blog.ua\yii-1.1.16.bca042\framework\web\CController.php(291): CFilterChain->run()
#11 E:\server\OpenServer\domains\blog.ua\yii-1.1.16.bca042\framework\web\CController.php(265): CController->runActionWithFilters(Object(CInlineAction), Array)
#12 E:\server\OpenServer\domains\blog.ua\yii-1.1.16.bca042\framework\web\CWebApplication.php(282): CController->run('view')
#13 E:\server\OpenServer\domains\blog.ua\yii-1.1.16.bca042\framework\web\CWebApplication.php(141): CWebApplication->runController('post/view')
#14 E:\server\OpenServer\domains\blog.ua\yii-1.1.16.bca042\framework\base\CApplication.php(184): CWebApplication->processRequest()
#15 E:\server\OpenServer\domains\blog.ua\index.php(13): CApplication->run()
#16 {main}
REQUEST_URI=/index.php?r=post/view&id=1
HTTP_REFERER=http://blog.ua:81/index.php
---
2015/07/02 23:01:55 [error] [exception.CHttpException.404] exception 'CHttpException' with message 'The requested page does not exist.' in E:\server\OpenServer\domains\blog.ua\protected\controllers\PostController.php:162
Stack trace:
#0 E:\server\OpenServer\domains\blog.ua\protected\controllers\PostController.php(55): PostController->loadModel('1')
#1 [internal function]: PostController->actionView('1')
#2 E:\server\OpenServer\domains\blog.ua\yii-1.1.16.bca042\framework\web\actions\CAction.php(109): ReflectionMethod->invokeArgs(Object(PostController), Array)
#3 E:\server\OpenServer\domains\blog.ua\yii-1.1.16.bca042\framework\web\actions\CInlineAction.php(47): CAction->runWithParamsInternal(Object(PostController), Object(ReflectionMethod), Array)
#4 E:\server\OpenServer\domains\blog.ua\yii-1.1.16.bca042\framework\web\CController.php(308): CInlineAction->runWithParams(Array)
#5 E:\server\OpenServer\domains\blog.ua\yii-1.1.16.bca042\framework\web\filters\CFilterChain.php(133): CController->runAction(Object(CInlineAction))
#6 E:\server\OpenServer\domains\blog.ua\yii-1.1.16.bca042\framework\web\filters\CFilter.php(40): CFilterChain->run()
#7 E:\server\OpenServer\domains\blog.ua\yii-1.1.16.bca042\framework\web\CController.php(1145): CFilter->filter(Object(CFilterChain))
#8 E:\server\OpenServer\domains\blog.ua\yii-1.1.16.bca042\framework\web\filters\CInlineFilter.php(58): CController->filterAccessControl(Object(CFilterChain))
#9 E:\server\OpenServer\domains\blog.ua\yii-1.1.16.bca042\framework\web\filters\CFilterChain.php(130): CInlineFilter->filter(Object(CFilterChain))
#10 E:\server\OpenServer\domains\blog.ua\yii-1.1.16.bca042\framework\web\CController.php(291): CFilterChain->run()
#11 E:\server\OpenServer\domains\blog.ua\yii-1.1.16.bca042\framework\web\CController.php(265): CController->runActionWithFilters(Object(CInlineAction), Array)
#12 E:\server\OpenServer\domains\blog.ua\yii-1.1.16.bca042\framework\web\CWebApplication.php(282): CController->run('view')
#13 E:\server\OpenServer\domains\blog.ua\yii-1.1.16.bca042\framework\web\CWebApplication.php(141): CWebApplication->runController('post/view')
#14 E:\server\OpenServer\domains\blog.ua\yii-1.1.16.bca042\framework\base\CApplication.php(184): CWebApplication->processRequest()
#15 E:\server\OpenServer\domains\blog.ua\index.php(13): CApplication->run()
#16 {main}
REQUEST_URI=/index.php?r=post/view&id=1
HTTP_REFERER=http://blog.ua:81/index.php
---
2015/07/02 23:08:21 [error] [exception.CHttpException.404] exception 'CHttpException' with message 'The requested page does not exist.' in E:\server\OpenServer\domains\blog.ua\protected\controllers\PostController.php:162
Stack trace:
#0 E:\server\OpenServer\domains\blog.ua\protected\controllers\PostController.php(55): PostController->loadModel('1')
#1 [internal function]: PostController->actionView('1')
#2 E:\server\OpenServer\domains\blog.ua\yii-1.1.16.bca042\framework\web\actions\CAction.php(109): ReflectionMethod->invokeArgs(Object(PostController), Array)
#3 E:\server\OpenServer\domains\blog.ua\yii-1.1.16.bca042\framework\web\actions\CInlineAction.php(47): CAction->runWithParamsInternal(Object(PostController), Object(ReflectionMethod), Array)
#4 E:\server\OpenServer\domains\blog.ua\yii-1.1.16.bca042\framework\web\CController.php(308): CInlineAction->runWithParams(Array)
#5 E:\server\OpenServer\domains\blog.ua\yii-1.1.16.bca042\framework\web\filters\CFilterChain.php(133): CController->runAction(Object(CInlineAction))
#6 E:\server\OpenServer\domains\blog.ua\yii-1.1.16.bca042\framework\web\filters\CFilter.php(40): CFilterChain->run()
#7 E:\server\OpenServer\domains\blog.ua\yii-1.1.16.bca042\framework\web\CController.php(1145): CFilter->filter(Object(CFilterChain))
#8 E:\server\OpenServer\domains\blog.ua\yii-1.1.16.bca042\framework\web\filters\CInlineFilter.php(58): CController->filterAccessControl(Object(CFilterChain))
#9 E:\server\OpenServer\domains\blog.ua\yii-1.1.16.bca042\framework\web\filters\CFilterChain.php(130): CInlineFilter->filter(Object(CFilterChain))
#10 E:\server\OpenServer\domains\blog.ua\yii-1.1.16.bca042\framework\web\CController.php(291): CFilterChain->run()
#11 E:\server\OpenServer\domains\blog.ua\yii-1.1.16.bca042\framework\web\CController.php(265): CController->runActionWithFilters(Object(CInlineAction), Array)
#12 E:\server\OpenServer\domains\blog.ua\yii-1.1.16.bca042\framework\web\CWebApplication.php(282): CController->run('view')
#13 E:\server\OpenServer\domains\blog.ua\yii-1.1.16.bca042\framework\web\CWebApplication.php(141): CWebApplication->runController('post/view')
#14 E:\server\OpenServer\domains\blog.ua\yii-1.1.16.bca042\framework\base\CApplication.php(184): CWebApplication->processRequest()
#15 E:\server\OpenServer\domains\blog.ua\index.php(13): CApplication->run()
#16 {main}
REQUEST_URI=/index.php?r=post/view&id=1
HTTP_REFERER=http://blog.ua:81/index.php
---
2015/07/02 23:08:28 [error] [exception.CHttpException.404] exception 'CHttpException' with message 'The requested page does not exist.' in E:\server\OpenServer\domains\blog.ua\protected\controllers\PostController.php:162
Stack trace:
#0 E:\server\OpenServer\domains\blog.ua\protected\controllers\PostController.php(55): PostController->loadModel('1')
#1 [internal function]: PostController->actionView('1')
#2 E:\server\OpenServer\domains\blog.ua\yii-1.1.16.bca042\framework\web\actions\CAction.php(109): ReflectionMethod->invokeArgs(Object(PostController), Array)
#3 E:\server\OpenServer\domains\blog.ua\yii-1.1.16.bca042\framework\web\actions\CInlineAction.php(47): CAction->runWithParamsInternal(Object(PostController), Object(ReflectionMethod), Array)
#4 E:\server\OpenServer\domains\blog.ua\yii-1.1.16.bca042\framework\web\CController.php(308): CInlineAction->runWithParams(Array)
#5 E:\server\OpenServer\domains\blog.ua\yii-1.1.16.bca042\framework\web\filters\CFilterChain.php(133): CController->runAction(Object(CInlineAction))
#6 E:\server\OpenServer\domains\blog.ua\yii-1.1.16.bca042\framework\web\filters\CFilter.php(40): CFilterChain->run()
#7 E:\server\OpenServer\domains\blog.ua\yii-1.1.16.bca042\framework\web\CController.php(1145): CFilter->filter(Object(CFilterChain))
#8 E:\server\OpenServer\domains\blog.ua\yii-1.1.16.bca042\framework\web\filters\CInlineFilter.php(58): CController->filterAccessControl(Object(CFilterChain))
#9 E:\server\OpenServer\domains\blog.ua\yii-1.1.16.bca042\framework\web\filters\CFilterChain.php(130): CInlineFilter->filter(Object(CFilterChain))
#10 E:\server\OpenServer\domains\blog.ua\yii-1.1.16.bca042\framework\web\CController.php(291): CFilterChain->run()
#11 E:\server\OpenServer\domains\blog.ua\yii-1.1.16.bca042\framework\web\CController.php(265): CController->runActionWithFilters(Object(CInlineAction), Array)
#12 E:\server\OpenServer\domains\blog.ua\yii-1.1.16.bca042\framework\web\CWebApplication.php(282): CController->run('view')
#13 E:\server\OpenServer\domains\blog.ua\yii-1.1.16.bca042\framework\web\CWebApplication.php(141): CWebApplication->runController('post/view')
#14 E:\server\OpenServer\domains\blog.ua\yii-1.1.16.bca042\framework\base\CApplication.php(184): CWebApplication->processRequest()
#15 E:\server\OpenServer\domains\blog.ua\index.php(13): CApplication->run()
#16 {main}
REQUEST_URI=/index.php?r=post/view&id=1
HTTP_REFERER=http://blog.ua:81/index.php
---
2015/07/02 23:08:36 [error] [exception.CHttpException.404] exception 'CHttpException' with message 'The requested page does not exist.' in E:\server\OpenServer\domains\blog.ua\protected\controllers\PostController.php:162
Stack trace:
#0 E:\server\OpenServer\domains\blog.ua\protected\controllers\PostController.php(55): PostController->loadModel('1')
#1 [internal function]: PostController->actionView('1')
#2 E:\server\OpenServer\domains\blog.ua\yii-1.1.16.bca042\framework\web\actions\CAction.php(109): ReflectionMethod->invokeArgs(Object(PostController), Array)
#3 E:\server\OpenServer\domains\blog.ua\yii-1.1.16.bca042\framework\web\actions\CInlineAction.php(47): CAction->runWithParamsInternal(Object(PostController), Object(ReflectionMethod), Array)
#4 E:\server\OpenServer\domains\blog.ua\yii-1.1.16.bca042\framework\web\CController.php(308): CInlineAction->runWithParams(Array)
#5 E:\server\OpenServer\domains\blog.ua\yii-1.1.16.bca042\framework\web\filters\CFilterChain.php(133): CController->runAction(Object(CInlineAction))
#6 E:\server\OpenServer\domains\blog.ua\yii-1.1.16.bca042\framework\web\filters\CFilter.php(40): CFilterChain->run()
#7 E:\server\OpenServer\domains\blog.ua\yii-1.1.16.bca042\framework\web\CController.php(1145): CFilter->filter(Object(CFilterChain))
#8 E:\server\OpenServer\domains\blog.ua\yii-1.1.16.bca042\framework\web\filters\CInlineFilter.php(58): CController->filterAccessControl(Object(CFilterChain))
#9 E:\server\OpenServer\domains\blog.ua\yii-1.1.16.bca042\framework\web\filters\CFilterChain.php(130): CInlineFilter->filter(Object(CFilterChain))
#10 E:\server\OpenServer\domains\blog.ua\yii-1.1.16.bca042\framework\web\CController.php(291): CFilterChain->run()
#11 E:\server\OpenServer\domains\blog.ua\yii-1.1.16.bca042\framework\web\CController.php(265): CController->runActionWithFilters(Object(CInlineAction), Array)
#12 E:\server\OpenServer\domains\blog.ua\yii-1.1.16.bca042\framework\web\CWebApplication.php(282): CController->run('view')
#13 E:\server\OpenServer\domains\blog.ua\yii-1.1.16.bca042\framework\web\CWebApplication.php(141): CWebApplication->runController('post/view')
#14 E:\server\OpenServer\domains\blog.ua\yii-1.1.16.bca042\framework\base\CApplication.php(184): CWebApplication->processRequest()
#15 E:\server\OpenServer\domains\blog.ua\index.php(13): CApplication->run()
#16 {main}
REQUEST_URI=/index.php?r=post/view&id=1
HTTP_REFERER=http://blog.ua:81/index.php?r=post/index
---
